build/app/outputs/mapping/release/seeds.txt
com.example.comnow.MainActivity
com.example.comnow.MainActivity: MainActivity()
...
io.flutter.embedding.android.FlutterView: void setVisibility(int)
androidx.window.layout.ExtensionWindowLayoutInfoBackend: ExtensionWindowLayoutInfoBackend(androidx.window.extensions.layout.WindowLayoutComponent)
io.flutter.embedding.engine.FlutterJNI: boolean isCodePointEmoji(int)
androidx.window.layout.ActivityCompatHelperApi30: android.graphics.Rect currentWindowBounds(android.app.Activity)
androidx.window.layout.WindowMetricsCalculatorCompat: androidx.window.layout.WindowMetrics computeCurrentWindowMetrics(android.app.Activity)
androidx.window.layout.ExtensionInterfaceCompat: boolean validateExtensionInterface()
androidx.window.java.layout.WindowInfoTrackerCallbackAdapter: void removeListener(androidx.core.util.Consumer)
io.flutter.embedding.engine.FlutterJNI: void setAccessibilityDelegate(io.flutter.embedding.engine.FlutterJNI$AccessibilityDelegate)
androidx.core.app.RemoteActionCompat: RemoteActionCompat()
io.flutter.plugin.platform.SingleViewPresentation: void onCreate(android.os.Bundle)
androidx.window.layout.ExtensionInterfaceCompat: void onWindowLayoutChangeListenerAdded(android.app.Activity)
kotlin.jvm.internal.FunctionReference: boolean isOperator()
androidx.core.graphics.Insets$Api29Impl: android.graphics.Insets of(int,int,int,int)
io.flutter.plugin.editing.ImeSyncDeferringInsetsCallback: void remove()
androidx.window.layout.ExtensionWindowLayoutInfoBackend$MulticastConsumer: void accept(java.lang.Object)
androidx.window.layout.SidecarAdapter$Companion: void setSidecarDevicePosture(androidx.window.sidecar.SidecarDeviceState,int)
io.flutter.embedding.engine.FlutterJNI: boolean nativeFlutterTextUtilsIsEmojiModifier(int)
io.flutter.plugins.pathprovider.Messages$StorageDirectory: io.flutter.plugins.pathprovider.Messages$StorageDirectory[] values()
androidx.window.layout.SidecarCompat$registerConfigurationChangeListener$configChangeObserver$1: void onLowMemory()
kotlin.collections.AbstractList: AbstractList()
androidx.window.embedding.SplitPairRule: boolean equals(java.lang.Object)
io.flutter.embedding.engine.systemchannels.PlatformChannel$SoundType: io.flutter.embedding.engine.systemchannels.PlatformChannel$SoundType valueOf(java.lang.String)
androidx.window.layout.WindowBackend: void registerLayoutChangeCallback(android.app.Activity,java.util.concurrent.Executor,androidx.core.util.Consumer)
kotlin.jvm.internal.CallableReference: java.lang.Object getBoundReceiver()
androidx.window.layout.FoldingFeature: boolean isSeparating()
androidx.window.layout.ExtensionInterfaceCompat: void onWindowLayoutChangeListenerRemoved(android.app.Activity)
io.flutter.embedding.android.FlutterView: io.flutter.embedding.engine.FlutterEngine getAttachedFlutterEngine()
androidx.window.embedding.EmbeddingAdapter: boolean translateActivityIntentPredicates$lambda-3(androidx.window.embedding.EmbeddingAdapter,java.util.Set,android.util.Pair)
androidx.core.view.WindowInsetsCompat$BuilderImpl29: WindowInsetsCompat$BuilderImpl29()
androidx.core.view.WindowInsetsCompat$Impl20: androidx.core.graphics.Insets getSystemWindowInsets()
kotlinx.coroutines.CoroutineStart: kotlinx.coroutines.CoroutineStart[] values()
androidx.core.view.WindowInsetsCompat$Impl29: androidx.core.graphics.Insets getSystemGestureInsets()
androidx.window.layout.SidecarWindowBackend: void setWindowExtension(androidx.window.layout.ExtensionInterfaceCompat)
io.flutter.embedding.engine.FlutterJNI: void dispatchSemanticsAction(int,io.flutter.view.AccessibilityBridge$Action,java.lang.Object)
androidx.window.embedding.SplitPairFilter: SplitPairFilter(android.content.ComponentName,android.content.ComponentName,java.lang.String)
kotlin.jvm.internal.FunctionReference: boolean isExternal()
androidx.window.embedding.ExtensionEmbeddingBackend$EmbeddingCallbackImpl: ExtensionEmbeddingBackend$EmbeddingCallbackImpl(androidx.window.embedding.ExtensionEmbeddingBackend)
io.flutter.embedding.engine.FlutterJNI: void onPreEngineRestart()