build/app/outputs/mapping/release/mapping.txt
# compiler: R8
# compiler_version: 3.3.70
# min_api: 23
# common_typos_disable
# {"id":"com.android.tools.r8.mapping","version":"2.0"}
# pg_map_id: 1c2a5ea
# pg_map_hash: SHA-256 1c2a5eae5d3c92a0d2d422e41eb126bf8015e61553368dd706c7677e4a517bc4
...
kotlin.random.jdk8.PlatformThreadLocalRandom -> o0.a:
    java.util.Random getImpl() -> c
kotlin.ranges.IntProgression -> p0.a:
    kotlin.ranges.IntProgression$Companion Companion -> g
    int step -> f
    int first -> d
    int last -> e
    int getFirst() -> a
    int getLast() -> b
    int getStep() -> c
    kotlin.collections.IntIterator iterator() -> d
kotlin.ranges.IntProgression$Companion -> p0.a$a:
    kotlin.ranges.IntProgression fromClosedRange(int,int,int) -> a
kotlin.ranges.IntProgressionIterator -> p0.b:
    boolean hasNext -> f
    int next -> g
    int step -> d
    int finalElement -> e
kotlin.ranges.IntRange -> p0.c:
    kotlin.ranges.IntRange$Companion Companion -> h
    kotlin.ranges.IntRange EMPTY -> i
    kotlin.ranges.IntRange access$getEMPTY$cp() -> e
    boolean contains(int) -> f
    java.lang.Integer getEndInclusive() -> g
    java.lang.Integer getStart() -> h
kotlin.ranges.IntRange$Companion -> p0.c$a:
    kotlin.ranges.IntRange getEMPTY() -> a
kotlin.ranges.RangesKt -> p0.d:
    int coerceAtLeast(int,int) -> a
      # {"id":"com.android.tools.r8.synthesized"}
    long coerceAtLeast(long,long) -> b
      # {"id":"com.android.tools.r8.synthesized"}
    int coerceAtMost(int,int) -> c
      # {"id":"com.android.tools.r8.synthesized"}
    long coerceAtMost(long,long) -> d
      # {"id":"com.android.tools.r8.synthesized"}
    int coerceIn(int,int,int) -> e
      # {"id":"com.android.tools.r8.synthesized"}
    kotlin.ranges.IntProgression downTo(int,int) -> f
      # {"id":"com.android.tools.r8.synthesized"}
    kotlin.ranges.IntRange until(int,int) -> g
      # {"id":"com.android.tools.r8.synthesized"}
kotlin.ranges.RangesKt__RangesKt -> p0.e:
kotlin.ranges.RangesKt___RangesKt -> p0.f:
    int coerceAtLeast(int,int) -> a
    long coerceAtLeast(long,long) -> b
    int coerceAtMost(int,int) -> c
    long coerceAtMost(long,long) -> d
    int coerceIn(int,int,int) -> e
    kotlin.ranges.IntProgression downTo(int,int) -> f
    kotlin.ranges.IntRange until(int,int) -> g
kotlin.reflect.KAnnotatedElement -> q0.a:
kotlin.reflect.KCallable -> q0.b:
kotlin.reflect.KClass -> q0.c:
    java.lang.String getSimpleName() -> a
kotlin.reflect.KDeclarationContainer -> q0.d:
kotlin.reflect.KFunction -> q0.e:
kotlin.reflect.KType -> q0.f:
kotlin.reflect.KVisibility -> q0.g:
    kotlin.reflect.KVisibility[] $VALUES -> h
    kotlin.reflect.KVisibility PUBLIC -> d
    kotlin.reflect.KVisibility PROTECTED -> e
    kotlin.reflect.KVisibility INTERNAL -> f
    kotlin.reflect.KVisibility PRIVATE -> g
    kotlin.enums.EnumEntries $ENTRIES -> i
    kotlin.reflect.KVisibility[] $values() -> a
kotlin.sequences.ConstrainedOnceSequence -> r0.a:
    java.util.concurrent.atomic.AtomicReference sequenceRef -> a
kotlin.sequences.Sequence -> r0.b:
kotlin.sequences.SequencesKt -> r0.c:
    kotlin.sequences.Sequence asSequence(java.util.Iterator) -> a
      # {"id":"com.android.tools.r8.synthesized"}
    kotlin.sequences.Sequence map(kotlin.sequences.Sequence,kotlin.jvm.functions.Function1) -> c
      # {"id":"com.android.tools.r8.synthesized"}
    java.util.List toList(kotlin.sequences.Sequence) -> d
      # {"id":"com.android.tools.r8.synthesized"}
kotlin.sequences.SequencesKt__SequenceBuilderKt -> r0.d:
kotlin.sequences.SequencesKt__SequencesJVMKt -> r0.e:
kotlin.sequences.SequencesKt__SequencesKt -> r0.f:
    kotlin.sequences.Sequence asSequence(java.util.Iterator) -> a
    kotlin.sequences.Sequence constrainOnce(kotlin.sequences.Sequence) -> b
kotlin.sequences.SequencesKt__SequencesKt$asSequence$$inlined$Sequence$1 -> r0.f$a:
    java.util.Iterator $this_asSequence$inlined -> a
kotlin.sequences.SequencesKt___SequencesJvmKt -> r0.g:
kotlin.sequences.SequencesKt___SequencesKt -> r0.h:
    kotlin.sequences.Sequence map(kotlin.sequences.Sequence,kotlin.jvm.functions.Function1) -> c
    java.util.List toList(kotlin.sequences.Sequence) -> d